<?xml version="1.0" encoding="UTF-8"?>
<testsuite xmlns:xsi="http://www.w3.org/2001/XMLSchema-instance" xsi:noNamespaceSchemaLocation="https://maven.apache.org/surefire/maven-surefire-plugin/xsd/surefire-test-report.xsd" name="RunnerCucumber.RunTest" time="180.053" tests="4" errors="0" skipped="0" failures="0">
  <properties>
[...]
</properties>
  <testcase name="Login with valid Username and Password" classname="Check login fungtionality as user" time="60.425"/>
  <testcase name="Login with invalid Username and valid Password" classname="Check login fungtionality as user" time="38.188"/>
  <testcase name="Login with valid Username and invalid Password" classname="Check login fungtionality as user" time="35.795"/>
  <testcase name="Login with invalid Username and invalid Password" classname="Check login fungtionality as user" time="41.581"/>
</testsuite>